<?xml version="1.0" encoding="UTF-8"?>
<!-- Generated by org.testng.reporters.JUnitXMLReporter -->
<testsuite ignored="0" hostname="Estefania" failures="1" tests="3" name="Error Validation" time="32.594" errors="0" timestamp="2024-10-30T23:49:10 GMT-06:00">
  <testcase classname="rahulshettyacademy.tests.ErrorValidations" name="LoginError" time="1.313">
    <skipped/>
  </testcase> <!-- LoginError -->
  <testcase classname="rahulshettyacademy.tests.ErrorValidations" name="LoginError" time="1.06">
    <failure type="java.lang.AssertionError" message="expected [Incorrect email or password.] but found [Incorrect email password.]">
      <![CDATA[java.lang.AssertionError: expected [Incorrect email or password.] but found [Incorrect email password.]
at rahulshettyacademy.tests.ErrorValidations.LoginError(ErrorValidations.java:18)
at java.base/java.util.ArrayList.forEach(ArrayList.java:1596)
at java.base/java.util.concurrent.FutureTask.run(FutureTask.java:317)
at java.base/java.util.concurrent.ThreadPoolExecutor.runWorker(ThreadPoolExecutor.java:1144)
at java.base/java.util.concurrent.ThreadPoolExecutor$Worker.run(ThreadPoolExecutor.java:642)
at java.base/java.lang.Thread.run(Thread.java:1583)
... Removed 21 stack frames]]>
    </failure>
  </testcase> <!-- LoginError -->
  <testcase classname="rahulshettyacademy.tests.ErrorValidations" name="ProducErrorValidation" time="1.116"/>
</testsuite> <!-- Error Validation -->
