<?xml version="1.0" encoding="UTF-8"?>
<!-- Generated by org.testng.reporters.JUnitXMLReporter -->
<testsuite ignored="0" hostname="Estefania" failures="0" tests="3" name="Submit Order Test" time="40.551" errors="0" timestamp="2024-10-30T23:49:17 GMT-06:00">
  <testcase classname="rahulshettyacademy.tests.SubmitOrder" name="submitOrder" time="8.099"/>
  <testcase classname="rahulshettyacademy.tests.SubmitOrder" name="submitOrder" time="7.197"/>
  <testcase classname="rahulshettyacademy.tests.SubmitOrder" name="OrderHistoryTest" time="1.766"/>
</testsuite> <!-- Submit Order Test -->
